The system is: Windows - 10.0.19042 - AMD64
Compiling the C compiler identification source file "CMakeCCompilerId.c" succeeded.
Compiler: C:/Program Files/Microsoft Visual Studio/2022/Professional/VC/Tools/MSVC/14.30.30704/bin/Hostx86/x86/cl.exe 
Build flags: 
Id flags:  

The output was:
0
Microsoft (R) Kompilator optymalizujący C/C++, wersja 19.30.30704 dla architektury x86
Copyright (C) Microsoft Corporation. Wszystkie prawa zastrzeżone.

CMakeCCompilerId.c
Microsoft (R) Incremental Linker Version 14.30.30704.0
Copyright (C) Microsoft Corporation.  All rights reserved.

/out:CMakeCCompilerId.exe 
CMakeCCompilerId.obj 


Compilation of the C compiler identification source "CMakeCCompilerId.c" produced "CMakeCCompilerId.exe"

Compilation of the C compiler identification source "CMakeCCompilerId.c" produced "CMakeCCompilerId.obj"

The C compiler identification is MSVC, found in "E:/Uczelnia/NAI/NAI_LAB1/cmake-build-debug/CMakeFiles/3.20.2/CompilerIdC/CMakeCCompilerId.exe"

Compiling the CXX compiler identification source file "CMakeCXXCompilerId.cpp" succeeded.
Compiler: C:/Program Files/Microsoft Visual Studio/2022/Professional/VC/Tools/MSVC/14.30.30704/bin/Hostx86/x86/cl.exe 
Build flags: 
Id flags:  

The output was:
0
Microsoft (R) Kompilator optymalizujący C/C++, wersja 19.30.30704 dla architektury x86
Copyright (C) Microsoft Corporation. Wszystkie prawa zastrzeżone.

CMakeCXXCompilerId.cpp
Microsoft (R) Incremental Linker Version 14.30.30704.0
Copyright (C) Microsoft Corporation.  All rights reserved.

/out:CMakeCXXCompilerId.exe 
CMakeCXXCompilerId.obj 


Compilation of the CXX compiler identification source "CMakeCXXCompilerId.cpp" produced "CMakeCXXCompilerId.exe"

Compilation of the CXX compiler identification source "CMakeCXXCompilerId.cpp" produced "CMakeCXXCompilerId.obj"

The CXX compiler identification is MSVC, found in "E:/Uczelnia/NAI/NAI_LAB1/cmake-build-debug/CMakeFiles/3.20.2/CompilerIdCXX/CMakeCXXCompilerId.exe"

Detecting C compiler ABI info compiled with the following output:
Change Dir: E:/Uczelnia/NAI/NAI_LAB1/cmake-build-debug/CMakeFiles/CMakeTmp

Run Build Command(s):nmake -f Makefile /nologo cmTC_c25dc\fast && 	"C:\Program Files\Microsoft Visual Studio\2022\Professional\VC\Tools\MSVC\14.30.30704\bin\HostX86\x86\nmake.exe"  -f CMakeFiles\cmTC_c25dc.dir\build.make /nologo -L                  CMakeFiles\cmTC_c25dc.dir\build
Building C object CMakeFiles/cmTC_c25dc.dir/CMakeCCompilerABI.c.obj
	"D:\JetBrains\CLion 2021.2.3\bin\cmake\win\bin\cmake.exe" -E cmake_cl_compile_depends --dep-file=CMakeFiles\cmTC_c25dc.dir\CMakeCCompilerABI.c.obj.d --working-dir=E:\Uczelnia\NAI\NAI_LAB1\cmake-build-debug\CMakeFiles\CMakeTmp --filter-prefix="" -- C:\PROGRA~1\MICROS~2\2022\PROFES~1\VC\Tools\MSVC\1430~1.307\bin\Hostx86\x86\cl.exe @C:\Users\Maciek\AppData\Local\Temp\nmB5C2.tmp
Linking C executable cmTC_c25dc.exe
	"D:\JetBrains\CLion 2021.2.3\bin\cmake\win\bin\cmake.exe" -E vs_link_exe --intdir=CMakeFiles\cmTC_c25dc.dir --rc=C:\PROGRA~2\WI3CF2~1\10\bin\100190~1.0\x86\rc.exe --mt=C:\PROGRA~2\WI3CF2~1\10\bin\100190~1.0\x86\mt.exe --manifests -- C:\PROGRA~1\MICROS~2\2022\PROFES~1\VC\Tools\MSVC\1430~1.307\bin\Hostx86\x86\link.exe /nologo @CMakeFiles\cmTC_c25dc.dir\objects1.rsp @C:\Users\Maciek\AppData\Local\Temp\nmB640.tmp



Detecting CXX compiler ABI info compiled with the following output:
Change Dir: E:/Uczelnia/NAI/NAI_LAB1/cmake-build-debug/CMakeFiles/CMakeTmp

Run Build Command(s):nmake -f Makefile /nologo cmTC_f57b9\fast && 	"C:\Program Files\Microsoft Visual Studio\2022\Professional\VC\Tools\MSVC\14.30.30704\bin\HostX86\x86\nmake.exe"  -f CMakeFiles\cmTC_f57b9.dir\build.make /nologo -L                  CMakeFiles\cmTC_f57b9.dir\build
Building CXX object CMakeFiles/cmTC_f57b9.dir/CMakeCXXCompilerABI.cpp.obj
	"D:\JetBrains\CLion 2021.2.3\bin\cmake\win\bin\cmake.exe" -E cmake_cl_compile_depends --dep-file=CMakeFiles\cmTC_f57b9.dir\CMakeCXXCompilerABI.cpp.obj.d --working-dir=E:\Uczelnia\NAI\NAI_LAB1\cmake-build-debug\CMakeFiles\CMakeTmp --filter-prefix="" -- C:\PROGRA~1\MICROS~2\2022\PROFES~1\VC\Tools\MSVC\1430~1.307\bin\Hostx86\x86\cl.exe @C:\Users\Maciek\AppData\Local\Temp\nmB843.tmp
Linking CXX executable cmTC_f57b9.exe
	"D:\JetBrains\CLion 2021.2.3\bin\cmake\win\bin\cmake.exe" -E vs_link_exe --intdir=CMakeFiles\cmTC_f57b9.dir --rc=C:\PROGRA~2\WI3CF2~1\10\bin\100190~1.0\x86\rc.exe --mt=C:\PROGRA~2\WI3CF2~1\10\bin\100190~1.0\x86\mt.exe --manifests -- C:\PROGRA~1\MICROS~2\2022\PROFES~1\VC\Tools\MSVC\1430~1.307\bin\Hostx86\x86\link.exe /nologo @CMakeFiles\cmTC_f57b9.dir\objects1.rsp @C:\Users\Maciek\AppData\Local\Temp\nmB8C1.tmp



